<?xml version="1.0" encoding="UTF-8"?>
<!-- Generated by org.testng.reporters.JUnitReportReporter -->
<testsuite skipped="0" hostname="siva-PC" name="orangehrm_assignments.orange1_MultipleData" tests="1" failures="0" timestamp="26 Sep 2019 14:10:38 GMT" time="40.800" errors="0">
  <testcase name="Login" time="40.800" classname="orangehrm_assignments.orange1_MultipleData"/>
</testsuite> <!-- orangehrm_assignments.orange1_MultipleData -->
